GET request for '/home?id=2'
GET request for '/home?id=2'
GET request for '/home?id=3\'
GET request for '/home?id=2'
GET request for '/home?id=3\'
GET request for '/home'
GET request for '/home'
GET request for '/h'
GET request for '/h'
GET request for '/home'
GET request for '/home'
GET request for '/home?id=3\'
GET request for '/login?id=2'
GET request for '/profile'
GET request for '/profile?id=10'
GET request for '/profile?id=1'
GET request for '/profile?id=3\'
GET request for '/profile?id=2'
GET request for '/profile?id=2'
GET request for '/home?id=2'
GET request for '/home?id=1'
GET request for '/home?id=1'
GET request for '/home?id=1'
GET request for '/home?id=1'
GET request for '/login'
GET request for '/profile'
GET request for '/home?id=1'
GET request for '/homelogin?id=1'
GET request for '/homelogin?id=1'
GET request for '/homelogin?id=1'
GET request for '/homelogin?id=1'
GET request for '/homelogin?id=1'
GET request for '/homelogin?id=1'
GET request for '/homelogin?id=1'
GET request for '/homeerror?id=1'
GET request for '/homeprofile?id=1'
GET request for '/homeprofile?id=1'
GET request for '/homelogin?id=1'
GET request for '/home?id=1'
GET request for '/home?id=1'
GET request for '/profile??id=1'
GET request for '/login??id=1'
GET request for '/profile??id=1'
GET request for '/profile??id=1'
GET request for '/home?id=1'
GET request for '/home?id=1'
GET request for '/login?id=1'
GET request for '/profile?id=1'
GET request for '/home?id=1'
GET request for '/home?id=1'
GET request for '/error?id=1'
GET request for '/login?id=1'
GET request for '/profile?id=1'
GET request for '/profile?id=1'
GET request for '/profile?id=1'
GET request for '/special?id=1'
GET request for '/special?id=2'
GET request for '/home?id=1'
GET request for '/home?id=1'
GET request for '/home?id=1'
GET request for '/home?id=1'
GET request for '/home?id=1'
GET request for '/menu.js'
